<?xml version="1.0" encoding="UTF-8"?>
<!-- Generated by org.testng.reporters.JUnitXMLReporter -->
<testsuite ignored="0" hostname="tejal-home" failures="0" tests="5" name="Default test" time="76.565" errors="0" timestamp="2022-02-08T23:25:48 EST">
  <testcase classname="com.SalesForceApp.tests.Oppertunity.OppertunityTest" name="TestCase15_OppertunityDropDown" time="13.155"/>
  <testcase classname="com.SalesForceApp.tests.Oppertunity.OppertunityTest" name="TestCase16_CreateOppertunity" time="17.114"/>
  <testcase classname="com.SalesForceApp.tests.Oppertunity.OppertunityTest" name="TestCase17_OppertunityPipelineReport" time="10.238"/>
  <testcase classname="com.SalesForceApp.tests.Oppertunity.OppertunityTest" name="TestCase18_StuckOppertunityReport" time="11.007"/>
  <testcase classname="com.SalesForceApp.tests.Oppertunity.OppertunityTest" name="TestCase19_OppertunitySummeryReport" time="10.138"/>
</testsuite> <!-- Default test -->
