<?xml version="1.0" encoding="UTF-8"?>
<testng-results ignored="2" total="5" passed="3" failed="0" skipped="0">
  <reporter-output>
  </reporter-output>
  <suite started-at="2022-02-11T10:48:41 EST" name="SalesForceAutomationTestSuite" finished-at="2022-02-11T10:49:30 EST" duration-ms="49055">
    <groups>
    </groups>
    <test started-at="2022-02-11T10:48:41 EST" name="Test" finished-at="2022-02-11T10:49:30 EST" duration-ms="49055">
      <class name="com.SalesForce.tests.UserMenuTest">
        <test-method is-config="true" signature="setUp()[pri:0, instance:com.SalesForce.tests.UserMenuTest@4d465b11]" started-at="2022-02-11T10:48:41 EST" name="setUp" finished-at="2022-02-11T10:48:42 EST" duration-ms="321" status="PASS">
          <reporter-output>
          </reporter-output>
        </test-method> <!-- setUp -->
        <test-method is-config="true" signature="initialSetUp(java.lang.String,java.lang.reflect.Method)[pri:0, instance:com.SalesForce.tests.UserMenuTest@4d465b11]" started-at="2022-02-11T10:48:42 EST" name="initialSetUp" finished-at="2022-02-11T10:48:48 EST" duration-ms="6247" status="PASS">
          <params>
            <param index="0">
              <value>
                <![CDATA[chrome]]>
              </value>
            </param>
            <param index="1">
              <value>
                <![CDATA[public void com.SalesForce.tests.UserMenuTest.TestCase7_MySettingUserMenu()]]>
              </value>
            </param>
          </params>
          <reporter-output>
          </reporter-output>
        </test-method> <!-- initialSetUp -->
        <test-method signature="TestCase7_MySettingUserMenu()[pri:0, instance:com.SalesForce.tests.UserMenuTest@4d465b11]" started-at="2022-02-11T10:48:48 EST" name="TestCase7_MySettingUserMenu" finished-at="2022-02-11T10:49:06 EST" duration-ms="17736" status="PASS">
          <reporter-output>
          </reporter-output>
        </test-method> <!-- TestCase7_MySettingUserMenu -->
        <test-method is-config="true" signature="tearDown(org.testng.ITestResult)[pri:0, instance:com.SalesForce.tests.UserMenuTest@4d465b11]" started-at="2022-02-11T10:49:06 EST" name="tearDown" finished-at="2022-02-11T10:49:06 EST" duration-ms="311" status="PASS">
          <params>
            <param index="0">
              <value>
                <![CDATA[[TestResult name=TestCase7_MySettingUserMenu status=SUCCESS method=UserMenuTest.TestCase7_MySettingUserMenu()[pri:0, instance:com.SalesForce.tests.UserMenuTest@4d465b11] output={null}]]]>
              </value>
            </param>
          </params>
          <reporter-output>
          </reporter-output>
        </test-method> <!-- tearDown -->
        <test-method is-config="true" signature="initialSetUp(java.lang.String,java.lang.reflect.Method)[pri:0, instance:com.SalesForce.tests.UserMenuTest@4d465b11]" started-at="2022-02-11T10:49:06 EST" name="initialSetUp" finished-at="2022-02-11T10:49:09 EST" duration-ms="3064" status="PASS">
          <params>
            <param index="0">
              <value>
                <![CDATA[chrome]]>
              </value>
            </param>
            <param index="1">
              <value>
                <![CDATA[public void com.SalesForce.tests.UserMenuTest.TestCase8_DeveloperConsole()]]>
              </value>
            </param>
          </params>
          <reporter-output>
          </reporter-output>
        </test-method> <!-- initialSetUp -->
        <test-method signature="TestCase8_DeveloperConsole()[pri:0, instance:com.SalesForce.tests.UserMenuTest@4d465b11]" started-at="2022-02-11T10:49:09 EST" name="TestCase8_DeveloperConsole" finished-at="2022-02-11T10:49:19 EST" duration-ms="9620" status="PASS">
          <reporter-output>
          </reporter-output>
        </test-method> <!-- TestCase8_DeveloperConsole -->
        <test-method is-config="true" signature="tearDown(org.testng.ITestResult)[pri:0, instance:com.SalesForce.tests.UserMenuTest@4d465b11]" started-at="2022-02-11T10:49:19 EST" name="tearDown" finished-at="2022-02-11T10:49:19 EST" duration-ms="192" status="PASS">
          <params>
            <param index="0">
              <value>
                <![CDATA[[TestResult name=TestCase8_DeveloperConsole status=SUCCESS method=UserMenuTest.TestCase8_DeveloperConsole()[pri:0, instance:com.SalesForce.tests.UserMenuTest@4d465b11] output={null}]]]>
              </value>
            </param>
          </params>
          <reporter-output>
          </reporter-output>
        </test-method> <!-- tearDown -->
        <test-method is-config="true" signature="initialSetUp(java.lang.String,java.lang.reflect.Method)[pri:0, instance:com.SalesForce.tests.UserMenuTest@4d465b11]" started-at="2022-02-11T10:49:19 EST" name="initialSetUp" finished-at="2022-02-11T10:49:22 EST" duration-ms="3058" status="PASS">
          <params>
            <param index="0">
              <value>
                <![CDATA[chrome]]>
              </value>
            </param>
            <param index="1">
              <value>
                <![CDATA[public void com.SalesForce.tests.UserMenuTest.TestCase9_Logout()]]>
              </value>
            </param>
          </params>
          <reporter-output>
          </reporter-output>
        </test-method> <!-- initialSetUp -->
        <test-method signature="TestCase9_Logout()[pri:0, instance:com.SalesForce.tests.UserMenuTest@4d465b11]" started-at="2022-02-11T10:49:22 EST" name="TestCase9_Logout" finished-at="2022-02-11T10:49:30 EST" duration-ms="7976" status="PASS">
          <reporter-output>
          </reporter-output>
        </test-method> <!-- TestCase9_Logout -->
        <test-method is-config="true" signature="tearDown(org.testng.ITestResult)[pri:0, instance:com.SalesForce.tests.UserMenuTest@4d465b11]" started-at="2022-02-11T10:49:30 EST" name="tearDown" finished-at="2022-02-11T10:49:30 EST" duration-ms="88" status="PASS">
          <params>
            <param index="0">
              <value>
                <![CDATA[[TestResult name=TestCase9_Logout status=SUCCESS method=UserMenuTest.TestCase9_Logout()[pri:0, instance:com.SalesForce.tests.UserMenuTest@4d465b11] output={null}]]]>
              </value>
            </param>
          </params>
          <reporter-output>
          </reporter-output>
        </test-method> <!-- tearDown -->
        <test-method is-config="true" signature="endUp()[pri:0, instance:com.SalesForce.tests.UserMenuTest@4d465b11]" started-at="2022-02-11T10:49:30 EST" name="endUp" finished-at="2022-02-11T10:49:30 EST" duration-ms="388" status="PASS">
          <reporter-output>
          </reporter-output>
        </test-method> <!-- endUp -->
      </class> <!-- com.SalesForce.tests.UserMenuTest -->
    </test> <!-- Test -->
  </suite> <!-- SalesForceAutomationTestSuite -->
</testng-results>
