<?xml version="1.0" encoding="UTF-8"?>
<!-- Generated by org.testng.reporters.JUnitXMLReporter -->
<testsuite ignored="2" hostname="tejal-home" failures="0" tests="3" name="Test" time="49.055" errors="0" timestamp="2022-02-11T10:49:30 EST">
  <testcase classname="com.SalesForce.tests.UserMenuTest" name="TestCase7_MySettingUserMenu" time="17.736"/>
  <testcase classname="com.SalesForce.tests.UserMenuTest" name="TestCase8_DeveloperConsole" time="9.62"/>
  <testcase classname="com.SalesForce.tests.UserMenuTest" name="TestCase9_Logout" time="7.976"/>
  <testcase classname="com.SalesForce.tests.UserMenuTest" name="TestCase6_MyProfileUserMenu" time="0.0">
    <ignored/>
  </testcase> <!-- TestCase6_MyProfileUserMenu -->
  <testcase classname="com.SalesForce.tests.UserMenuTest" name="TestCase5_UserMenuDropdown" time="0.0">
    <ignored/>
  </testcase> <!-- TestCase5_UserMenuDropdown -->
</testsuite> <!-- Test -->
